Generated at 2017-04-10 11:58:44 +0100
Mixlib::ShellOut::ShellCommandFailed: execute[unzipapp] (jboss::default line 42) had an error: Mixlib::ShellOut::ShellCommandFailed: Expected process to exit with [0], but received '2'
---- Begin output of unzip -o /opt/testweb.zip -d /opt/jboss-as-7.1.1.Final/standalone/deployments ----
STDOUT: Archive:  /opt/testweb.zip
STDERR: checkdir:  cannot create extraction directory: /opt/jboss-as-7.1.1.Final/standalone/deployments
           No such file or directory
---- End output of unzip -o /opt/testweb.zip -d /opt/jboss-as-7.1.1.Final/standalone/deployments ----
Ran unzip -o /opt/testweb.zip -d /opt/jboss-as-7.1.1.Final/standalone/deployments returned 2
/opt/chefdk/embedded/lib/ruby/gems/2.3.0/gems/mixlib-shellout-2.2.7/lib/mixlib/shellout.rb:289:in `invalid!'
/opt/chefdk/embedded/lib/ruby/gems/2.3.0/gems/mixlib-shellout-2.2.7/lib/mixlib/shellout.rb:276:in `error!'
/opt/chefdk/embedded/lib/ruby/gems/2.3.0/gems/chef-12.18.31/lib/chef/mixin/shell_out.rb:99:in `shell_out!'
/opt/chefdk/embedded/lib/ruby/gems/2.3.0/gems/chef-12.18.31/lib/chef/provider/execute.rb:62:in `block in action_run'
/opt/chefdk/embedded/lib/ruby/gems/2.3.0/gems/chef-12.18.31/lib/chef/mixin/why_run.rb:52:in `add_action'
/opt/chefdk/embedded/lib/ruby/gems/2.3.0/gems/chef-12.18.31/lib/chef/provider.rb:176:in `converge_by'
/opt/chefdk/embedded/lib/ruby/gems/2.3.0/gems/chef-12.18.31/lib/chef/provider/execute.rb:60:in `action_run'
/opt/chefdk/embedded/lib/ruby/gems/2.3.0/gems/chef-12.18.31/lib/chef/provider.rb:145:in `run_action'
/opt/chefdk/embedded/lib/ruby/gems/2.3.0/gems/chef-12.18.31/lib/chef/resource.rb:622:in `run_action'
/opt/chefdk/embedded/lib/ruby/gems/2.3.0/gems/chef-12.18.31/lib/chef/runner.rb:69:in `run_action'
/opt/chefdk/embedded/lib/ruby/gems/2.3.0/gems/chef-12.18.31/lib/chef/runner.rb:97:in `block (2 levels) in converge'
/opt/chefdk/embedded/lib/ruby/gems/2.3.0/gems/chef-12.18.31/lib/chef/runner.rb:97:in `each'
/opt/chefdk/embedded/lib/ruby/gems/2.3.0/gems/chef-12.18.31/lib/chef/runner.rb:97:in `block in converge'
/opt/chefdk/embedded/lib/ruby/gems/2.3.0/gems/chef-12.18.31/lib/chef/resource_collection/resource_list.rb:94:in `block in execute_each_resource'
/opt/chefdk/embedded/lib/ruby/gems/2.3.0/gems/chef-12.18.31/lib/chef/resource_collection/stepable_iterator.rb:114:in `call_iterator_block'
/opt/chefdk/embedded/lib/ruby/gems/2.3.0/gems/chef-12.18.31/lib/chef/resource_collection/stepable_iterator.rb:85:in `step'
/opt/chefdk/embedded/lib/ruby/gems/2.3.0/gems/chef-12.18.31/lib/chef/resource_collection/stepable_iterator.rb:103:in `iterate'
/opt/chefdk/embedded/lib/ruby/gems/2.3.0/gems/chef-12.18.31/lib/chef/resource_collection/stepable_iterator.rb:55:in `each_with_index'
/opt/chefdk/embedded/lib/ruby/gems/2.3.0/gems/chef-12.18.31/lib/chef/resource_collection/resource_list.rb:92:in `execute_each_resource'
/opt/chefdk/embedded/lib/ruby/gems/2.3.0/gems/chef-12.18.31/lib/chef/runner.rb:96:in `converge'
/opt/chefdk/embedded/lib/ruby/gems/2.3.0/gems/chef-12.18.31/lib/chef/client.rb:670:in `block in converge'
/opt/chefdk/embedded/lib/ruby/gems/2.3.0/gems/chef-12.18.31/lib/chef/client.rb:665:in `catch'
/opt/chefdk/embedded/lib/ruby/gems/2.3.0/gems/chef-12.18.31/lib/chef/client.rb:665:in `converge'
/opt/chefdk/embedded/lib/ruby/gems/2.3.0/gems/chef-12.18.31/lib/chef/client.rb:704:in `converge_and_save'
/opt/chefdk/embedded/lib/ruby/gems/2.3.0/gems/chef-12.18.31/lib/chef/client.rb:284:in `run'
/opt/chefdk/embedded/lib/ruby/gems/2.3.0/gems/chef-12.18.31/lib/chef/application.rb:295:in `block in fork_chef_client'
/opt/chefdk/embedded/lib/ruby/gems/2.3.0/gems/chef-12.18.31/lib/chef/application.rb:283:in `fork'
/opt/chefdk/embedded/lib/ruby/gems/2.3.0/gems/chef-12.18.31/lib/chef/application.rb:283:in `fork_chef_client'
/opt/chefdk/embedded/lib/ruby/gems/2.3.0/gems/chef-12.18.31/lib/chef/application.rb:248:in `block in run_chef_client'
/opt/chefdk/embedded/lib/ruby/gems/2.3.0/gems/chef-12.18.31/lib/chef/local_mode.rb:44:in `with_server_connectivity'
/opt/chefdk/embedded/lib/ruby/gems/2.3.0/gems/chef-12.18.31/lib/chef/application.rb:236:in `run_chef_client'
/opt/chefdk/embedded/lib/ruby/gems/2.3.0/gems/chef-12.18.31/lib/chef/application/client.rb:464:in `sleep_then_run_chef_client'
/opt/chefdk/embedded/lib/ruby/gems/2.3.0/gems/chef-12.18.31/lib/chef/application/client.rb:451:in `block in interval_run_chef_client'
/opt/chefdk/embedded/lib/ruby/gems/2.3.0/gems/chef-12.18.31/lib/chef/application/client.rb:450:in `loop'
/opt/chefdk/embedded/lib/ruby/gems/2.3.0/gems/chef-12.18.31/lib/chef/application/client.rb:450:in `interval_run_chef_client'
/opt/chefdk/embedded/lib/ruby/gems/2.3.0/gems/chef-12.18.31/lib/chef/application/client.rb:434:in `run_application'
/opt/chefdk/embedded/lib/ruby/gems/2.3.0/gems/chef-12.18.31/lib/chef/application.rb:59:in `run'
/opt/chefdk/embedded/lib/ruby/gems/2.3.0/gems/chef-12.18.31/lib/chef/application/solo.rb:226:in `run'
/opt/chefdk/embedded/lib/ruby/gems/2.3.0/gems/chef-12.18.31/bin/chef-solo:25:in `<top (required)>'
/usr/bin/chef-solo:57:in `load'
/usr/bin/chef-solo:57:in `<main>'

>>>> Caused by Mixlib::ShellOut::ShellCommandFailed: Expected process to exit with [0], but received '2'
---- Begin output of unzip -o /opt/testweb.zip -d /opt/jboss-as-7.1.1.Final/standalone/deployments ----
STDOUT: Archive:  /opt/testweb.zip
STDERR: checkdir:  cannot create extraction directory: /opt/jboss-as-7.1.1.Final/standalone/deployments
           No such file or directory
---- End output of unzip -o /opt/testweb.zip -d /opt/jboss-as-7.1.1.Final/standalone/deployments ----
Ran unzip -o /opt/testweb.zip -d /opt/jboss-as-7.1.1.Final/standalone/deployments returned 2
/opt/chefdk/embedded/lib/ruby/gems/2.3.0/gems/mixlib-shellout-2.2.7/lib/mixlib/shellout.rb:289:in `invalid!'
/opt/chefdk/embedded/lib/ruby/gems/2.3.0/gems/mixlib-shellout-2.2.7/lib/mixlib/shellout.rb:276:in `error!'
/opt/chefdk/embedded/lib/ruby/gems/2.3.0/gems/chef-12.18.31/lib/chef/mixin/shell_out.rb:99:in `shell_out!'
/opt/chefdk/embedded/lib/ruby/gems/2.3.0/gems/chef-12.18.31/lib/chef/provider/execute.rb:62:in `block in action_run'
/opt/chefdk/embedded/lib/ruby/gems/2.3.0/gems/chef-12.18.31/lib/chef/mixin/why_run.rb:52:in `add_action'
/opt/chefdk/embedded/lib/ruby/gems/2.3.0/gems/chef-12.18.31/lib/chef/provider.rb:176:in `converge_by'
/opt/chefdk/embedded/lib/ruby/gems/2.3.0/gems/chef-12.18.31/lib/chef/provider/execute.rb:60:in `action_run'
/opt/chefdk/embedded/lib/ruby/gems/2.3.0/gems/chef-12.18.31/lib/chef/provider.rb:145:in `run_action'
/opt/chefdk/embedded/lib/ruby/gems/2.3.0/gems/chef-12.18.31/lib/chef/resource.rb:622:in `run_action'
/opt/chefdk/embedded/lib/ruby/gems/2.3.0/gems/chef-12.18.31/lib/chef/runner.rb:69:in `run_action'
/opt/chefdk/embedded/lib/ruby/gems/2.3.0/gems/chef-12.18.31/lib/chef/runner.rb:97:in `block (2 levels) in converge'
/opt/chefdk/embedded/lib/ruby/gems/2.3.0/gems/chef-12.18.31/lib/chef/runner.rb:97:in `each'
/opt/chefdk/embedded/lib/ruby/gems/2.3.0/gems/chef-12.18.31/lib/chef/runner.rb:97:in `block in converge'
/opt/chefdk/embedded/lib/ruby/gems/2.3.0/gems/chef-12.18.31/lib/chef/resource_collection/resource_list.rb:94:in `block in execute_each_resource'
/opt/chefdk/embedded/lib/ruby/gems/2.3.0/gems/chef-12.18.31/lib/chef/resource_collection/stepable_iterator.rb:114:in `call_iterator_block'
/opt/chefdk/embedded/lib/ruby/gems/2.3.0/gems/chef-12.18.31/lib/chef/resource_collection/stepable_iterator.rb:85:in `step'
/opt/chefdk/embedded/lib/ruby/gems/2.3.0/gems/chef-12.18.31/lib/chef/resource_collection/stepable_iterator.rb:103:in `iterate'
/opt/chefdk/embedded/lib/ruby/gems/2.3.0/gems/chef-12.18.31/lib/chef/resource_collection/stepable_iterator.rb:55:in `each_with_index'
/opt/chefdk/embedded/lib/ruby/gems/2.3.0/gems/chef-12.18.31/lib/chef/resource_collection/resource_list.rb:92:in `execute_each_resource'
/opt/chefdk/embedded/lib/ruby/gems/2.3.0/gems/chef-12.18.31/lib/chef/runner.rb:96:in `converge'
/opt/chefdk/embedded/lib/ruby/gems/2.3.0/gems/chef-12.18.31/lib/chef/client.rb:670:in `block in converge'
/opt/chefdk/embedded/lib/ruby/gems/2.3.0/gems/chef-12.18.31/lib/chef/client.rb:665:in `catch'
/opt/chefdk/embedded/lib/ruby/gems/2.3.0/gems/chef-12.18.31/lib/chef/client.rb:665:in `converge'
/opt/chefdk/embedded/lib/ruby/gems/2.3.0/gems/chef-12.18.31/lib/chef/client.rb:704:in `converge_and_save'
/opt/chefdk/embedded/lib/ruby/gems/2.3.0/gems/chef-12.18.31/lib/chef/client.rb:284:in `run'
/opt/chefdk/embedded/lib/ruby/gems/2.3.0/gems/chef-12.18.31/lib/chef/application.rb:295:in `block in fork_chef_client'
/opt/chefdk/embedded/lib/ruby/gems/2.3.0/gems/chef-12.18.31/lib/chef/application.rb:283:in `fork'
/opt/chefdk/embedded/lib/ruby/gems/2.3.0/gems/chef-12.18.31/lib/chef/application.rb:283:in `fork_chef_client'
/opt/chefdk/embedded/lib/ruby/gems/2.3.0/gems/chef-12.18.31/lib/chef/application.rb:248:in `block in run_chef_client'
/opt/chefdk/embedded/lib/ruby/gems/2.3.0/gems/chef-12.18.31/lib/chef/local_mode.rb:44:in `with_server_connectivity'
/opt/chefdk/embedded/lib/ruby/gems/2.3.0/gems/chef-12.18.31/lib/chef/application.rb:236:in `run_chef_client'
/opt/chefdk/embedded/lib/ruby/gems/2.3.0/gems/chef-12.18.31/lib/chef/application/client.rb:464:in `sleep_then_run_chef_client'
/opt/chefdk/embedded/lib/ruby/gems/2.3.0/gems/chef-12.18.31/lib/chef/application/client.rb:451:in `block in interval_run_chef_client'
/opt/chefdk/embedded/lib/ruby/gems/2.3.0/gems/chef-12.18.31/lib/chef/application/client.rb:450:in `loop'
/opt/chefdk/embedded/lib/ruby/gems/2.3.0/gems/chef-12.18.31/lib/chef/application/client.rb:450:in `interval_run_chef_client'
/opt/chefdk/embedded/lib/ruby/gems/2.3.0/gems/chef-12.18.31/lib/chef/application/client.rb:434:in `run_application'
/opt/chefdk/embedded/lib/ruby/gems/2.3.0/gems/chef-12.18.31/lib/chef/application.rb:59:in `run'
/opt/chefdk/embedded/lib/ruby/gems/2.3.0/gems/chef-12.18.31/lib/chef/application/solo.rb:226:in `run'
/opt/chefdk/embedded/lib/ruby/gems/2.3.0/gems/chef-12.18.31/bin/chef-solo:25:in `<top (required)>'
/usr/bin/chef-solo:57:in `load'
/usr/bin/chef-solo:57:in `<main>'